<?xml version="1.0" encoding="UTF-8"?>
<!-- Generated by org.testng.reporters.JUnitReportReporter -->
<testsuite skipped="0" hostname="ajayg-ubuntu" name="main.test.Testpractice" tests="4" failures="0" timestamp="14 Apr 2020 03:31:23 GMT" time="0.037" errors="0">
  <testcase name="otherTestcase" time="0.010" classname="main.test.Testpractice"/>
  <testcase name="testcaseThird" time="0.009" classname="main.test.Testpractice"/>
  <testcase name="testcaseSecond" time="0.009" classname="main.test.Testpractice"/>
  <testcase name="testcaseFirst" time="0.009" classname="main.test.Testpractice"/>
</testsuite> <!-- main.test.Testpractice -->
